<?xml version="1.0" encoding="UTF-8"?>
<!-- Generated by org.testng.reporters.JUnitReportReporter -->
<testsuite skipped="0" hostname="MacBook-Air-de-Diego.local" name="br.com.inmetrics.desafioqafrm.tests.TestReservaRapida" tests="1" failures="0" timestamp="18 out 2018 19:59:12 GMT" time="26.871" errors="0">
  <testcase name="CT001_Acesso_a_Pagina_de_Reserva_Rapida" time="26.871" classname="br.com.inmetrics.desafioqafrm.tests.TestReservaRapida"/>
</testsuite> <!-- br.com.inmetrics.desafioqafrm.tests.TestReservaRapida -->
