<?xml version="1.0" encoding="UTF-8"?>
<!-- Generated by org.testng.reporters.JUnitReportReporter -->
<testsuite skipped="0" hostname="MacBook-Air-de-Diego.local" name="TestLogin" tests="1" failures="0" timestamp="15 out 2018 18:26:26 GMT" time="14.703" errors="0">
  <testcase name="CT001_Efetuar_Login_com_Sucesso" time="14.703" classname="TestLogin"/>
</testsuite> <!-- TestLogin -->
