<?xml version="1.0" encoding="UTF-8"?>
<!-- Generated by org.testng.reporters.JUnitReportReporter -->
<testsuite skipped="0" hostname="MacBook-Air-de-Diego.local" name="br.com.inmetrics.desafioqafrm.tests.TestLogin" tests="1" failures="0" timestamp="18 out 2018 19:57:53 GMT" time="15.269" errors="0">
  <testcase name="CT001_Efetuar_Login_com_Sucesso" time="15.269" classname="br.com.inmetrics.desafioqafrm.tests.TestLogin"/>
</testsuite> <!-- br.com.inmetrics.desafioqafrm.tests.TestLogin -->
