<?xml version="1.0" encoding="UTF-8"?>
<!-- Generated by org.testng.reporters.JUnitReportReporter -->
<testsuite skipped="0" hostname="MacBook-Air-de-Diego.local" name="br.com.inmetrics.desafioqafrm.tests.TestBooking" tests="1" failures="0" timestamp="18 out 2018 19:58:31 GMT" time="16.666" errors="0">
  <testcase name="CT001_Acesso_a_Pagina_de_Reservas" time="16.666" classname="br.com.inmetrics.desafioqafrm.tests.TestBooking"/>
</testsuite> <!-- br.com.inmetrics.desafioqafrm.tests.TestBooking -->
